yarn run v1.22.22
$ storybook build --output-dir=C:\Users\Admin\AppData\Local\Temp\chromatic--30476-o5f8cWmJZk74
[1m@storybook/core v8.6.12
[22m
info => Cleaning outputDir: [36m..\..\..\..\..\AppData\Local\Temp\chromatic--30476-o5f8cWmJZk74[39m
info => Loading presets
info Found existing addon "@storybook/addon-docs", skipping.
info Found existing addon "@storybook/addon-backgrounds", skipping.
info Found existing addon "@storybook/addon-docs", skipping.
info Found existing addon "@storybook/addon-backgrounds", skipping.
info => Building manager..
info => Manager built ([38;2;181;126;229m217 ms[39m)
info => Building preview..
info Using tsconfig paths for react-docgen
[36mvite v6.3.3 [32mbuilding for production...[36m[39m
transforming...
[32m✓[39m 1220 modules transformed.
rendering chunks...
computing gzip size...
[2m../../../../../AppData/Local/Temp/chromatic--30476-o5f8cWmJZk74/[22m[32massets/context-C0qIqeS4.png               [39m[1m[2m  6.12 kB[22m[1m[22m
[2m../../../../../AppData/Local/Temp/chromatic--30476-o5f8cWmJZk74/[22m[32massets/styling-Bk6zjRzU.png               [39m[1m[2m  7.24 kB[22m[1m[22m
[2m../../../../../AppData/Local/Temp/chromatic--30476-o5f8cWmJZk74/[22m[32miframe.html                               [39m[1m[2m 17.79 kB[22m[1m[22m[2m │ gzip:   5.00 kB[22m
[2m../../../../../AppData/Local/Temp/chromatic--30476-o5f8cWmJZk74/[22m[32massets/docs---vsFbMi.png                  [39m[1m[2m 27.88 kB[22m[1m[22m
[2m../../../../../AppData/Local/Temp/chromatic--30476-o5f8cWmJZk74/[22m[32massets/share-DGA-UcQf.png                 [39m[1m[2m 40.77 kB[22m[1m[22m
[2m../../../../../AppData/Local/Temp/chromatic--30476-o5f8cWmJZk74/[22m[32massets/accessibility-W_h2acOZ.png         [39m[1m[2m 42.34 kB[22m[1m[22m
[2m../../../../../AppData/Local/Temp/chromatic--30476-o5f8cWmJZk74/[22m[32massets/figma-plugin-CH2hELiO.png          [39m[1m[2m 44.25 kB[22m[1m[22m
[2m../../../../../AppData/Local/Temp/chromatic--30476-o5f8cWmJZk74/[22m[32massets/theming-D6WJLNoW.png               [39m[1m[2m 44.37 kB[22m[1m[22m
[2m../../../../../AppData/Local/Temp/chromatic--30476-o5f8cWmJZk74/[22m[32massets/testing-cbzR9l9r.png               [39m[1m[2m 49.31 kB[22m[1m[22m
[2m../../../../../AppData/Local/Temp/chromatic--30476-o5f8cWmJZk74/[22m[32massets/addon-library-BWUCAmyN.png         [39m[1m[2m467.37 kB[22m[1m[22m
[2m../../../../../AppData/Local/Temp/chromatic--30476-o5f8cWmJZk74/[22m[35massets/preview-DYkKch1h.css               [39m[1m[2m 19.11 kB[22m[1m[22m[2m │ gzip:   4.00 kB[22m
[2m../../../../../AppData/Local/Temp/chromatic--30476-o5f8cWmJZk74/[22m[36massets/preview-D6H47EFN.js                [39m[1m[2m  0.13 kB[22m[1m[22m[2m │ gzip:   0.13 kB[22m
[2m../../../../../AppData/Local/Temp/chromatic--30476-o5f8cWmJZk74/[22m[36massets/preview-CvbIS5ZJ.js                [39m[1m[2m  0.18 kB[22m[1m[22m[2m │ gzip:   0.16 kB[22m
[2m../../../../../AppData/Local/Temp/chromatic--30476-o5f8cWmJZk74/[22m[36massets/index-CiLGvShk.js                  [39m[1m[2m  0.42 kB[22m[1m[22m[2m │ gzip:   0.27 kB[22m
[2m../../../../../AppData/Local/Temp/chromatic--30476-o5f8cWmJZk74/[22m[36massets/chunk-XP5HYGXS-BpfKkqn7.js         [39m[1m[2m  0.71 kB[22m[1m[22m[2m │ gzip:   0.40 kB[22m
[2m../../../../../AppData/Local/Temp/chromatic--30476-o5f8cWmJZk74/[22m[36massets/preview-DGUiP6tS.js                [39m[1m[2m  0.71 kB[22m[1m[22m[2m │ gzip:   0.50 kB[22m
[2m../../../../../AppData/Local/Temp/chromatic--30476-o5f8cWmJZk74/[22m[36massets/index-DrFu-skq.js                  [39m[1m[2m  0.77 kB[22m[1m[22m[2m │ gzip:   0.47 kB[22m
[2m../../../../../AppData/Local/Temp/chromatic--30476-o5f8cWmJZk74/[22m[36massets/preview-C6ngJaJT.js                [39m[1m[2m  0.87 kB[22m[1m[22m[2m │ gzip:   0.55 kB[22m
[2m../../../../../AppData/Local/Temp/chromatic--30476-o5f8cWmJZk74/[22m[36massets/test-utils-BRTGxfv5.js             [39m[1m[2m  1.12 kB[22m[1m[22m[2m │ gzip:   0.69 kB[22m
[2m../../../../../AppData/Local/Temp/chromatic--30476-o5f8cWmJZk74/[22m[36massets/DocsRenderer-CFRXHY34-etdX1FWf.js  [39m[1m[2m  1.28 kB[22m[1m[22m[2m │ gzip:   0.68 kB[22m
[2m../../../../../AppData/Local/Temp/chromatic--30476-o5f8cWmJZk74/[22m[36massets/preview-DD_OYowb.js                [39m[1m[2m  3.51 kB[22m[1m[22m[2m │ gzip:   1.69 kB[22m
[2m../../../../../AppData/Local/Temp/chromatic--30476-o5f8cWmJZk74/[22m[36massets/index-CJPVTaBz.js                  [39m[1m[2m  3.89 kB[22m[1m[22m[2m │ gzip:   1.52 kB[22m
[2m../../../../../AppData/Local/Temp/chromatic--30476-o5f8cWmJZk74/[22m[36massets/preview-B8lJiyuQ.js                [39m[1m[2m  5.06 kB[22m[1m[22m[2m │ gzip:   1.88 kB[22m
[2m../../../../../AppData/Local/Temp/chromatic--30476-o5f8cWmJZk74/[22m[36massets/preview-BWzBA1C2.js                [39m[1m[2m  7.62 kB[22m[1m[22m[2m │ gzip:   1.56 kB[22m
[2m../../../../../AppData/Local/Temp/chromatic--30476-o5f8cWmJZk74/[22m[36massets/Button.stories-BWoGd2XQ.js         [39m[1m[2m  7.69 kB[22m[1m[22m[2m │ gzip:   1.96 kB[22m
[2m../../../../../AppData/Local/Temp/chromatic--30476-o5f8cWmJZk74/[22m[36massets/preview-BBWR9nbA.js                [39m[1m[2m  8.12 kB[22m[1m[22m[2m │ gzip:   3.10 kB[22m
[2m../../../../../AppData/Local/Temp/chromatic--30476-o5f8cWmJZk74/[22m[36massets/Scrubber.stories-s60a_m4P.js       [39m[1m[2m  8.37 kB[22m[1m[22m[2m │ gzip:   2.89 kB[22m
[2m../../../../../AppData/Local/Temp/chromatic--30476-o5f8cWmJZk74/[22m[36massets/index-DQLiH3RP.js                  [39m[1m[2m  8.53 kB[22m[1m[22m[2m │ gzip:   3.33 kB[22m
[2m../../../../../AppData/Local/Temp/chromatic--30476-o5f8cWmJZk74/[22m[36massets/Configure-BUjyrBnO.js              [39m[1m[2m 25.80 kB[22m[1m[22m[2m │ gzip:  10.98 kB[22m
[2m../../../../../AppData/Local/Temp/chromatic--30476-o5f8cWmJZk74/[22m[36massets/Color-YHDXOIA2-ESArTMDN.js         [39m[1m[2m 29.26 kB[22m[1m[22m[2m │ gzip:  11.00 kB[22m
[2m../../../../../AppData/Local/Temp/chromatic--30476-o5f8cWmJZk74/[22m[36massets/entry-preview-BoH1BzRn.js          [39m[1m[2m 29.75 kB[22m[1m[22m[2m │ gzip:   9.51 kB[22m
[2m../../../../../AppData/Local/Temp/chromatic--30476-o5f8cWmJZk74/[22m[36massets/index-CXQShRbs.js                  [39m[1m[2m 53.73 kB[22m[1m[22m[2m │ gzip:  15.55 kB[22m
[2m../../../../../AppData/Local/Temp/chromatic--30476-o5f8cWmJZk74/[22m[36massets/react-18-s4a4aCK1.js               [39m[1m[2m174.53 kB[22m[1m[22m[2m │ gzip:  55.26 kB[22m
[2m../../../../../AppData/Local/Temp/chromatic--30476-o5f8cWmJZk74/[22m[36massets/iframe-Dq2CUhBK.js                 [39m[1m[2m212.20 kB[22m[1m[22m[2m │ gzip:  71.76 kB[22m
[2m../../../../../AppData/Local/Temp/chromatic--30476-o5f8cWmJZk74/[22m[36massets/entry-preview-docs-D9SpcB3t.js     [39m[1m[2m247.07 kB[22m[1m[22m[2m │ gzip:  73.42 kB[22m
[2m../../../../../AppData/Local/Temp/chromatic--30476-o5f8cWmJZk74/[22m[36massets/Tabs-BAzKxbBC.js                   [39m[1m[33m659.72 kB[39m[22m[2m │ gzip: 239.07 kB[22m
[2m../../../../../AppData/Local/Temp/chromatic--30476-o5f8cWmJZk74/[22m[36massets/index-BgJgh-x_.js                  [39m[1m[33m662.26 kB[39m[22m[2m │ gzip: 156.95 kB[22m
[2m../../../../../AppData/Local/Temp/chromatic--30476-o5f8cWmJZk74/[22m[36massets/index-dB87nnhy.js                  [39m[1m[33m882.82 kB[39m[22m[2m │ gzip: 274.47 kB[22m
[32m✓ built in 9.41s[39m
info => Preview built ([38;2;181;126;229m11 s[39m)
info => Output directory: C:\Users\Admin\AppData\Local\Temp\chromatic--30476-o5f8cWmJZk74
Done in 13.43s.
